Analysis & Synthesis report for 06_Elevador
Fri Feb 28 08:29:13 2025
Quartus Prime Version 23.1std.0 Build 991 11/28/2023 SC Lite Edition


---------------------
; Table of Contents ;
---------------------
  1. Legal Notice
  2. Analysis & Synthesis Summary
  3. Analysis & Synthesis Settings
  4. Parallel Compilation
  5. Analysis & Synthesis Source Files Read
  6. Analysis & Synthesis Resource Usage Summary
  7. Analysis & Synthesis Resource Utilization by Entity
  8. State Machine - |floor_select|current_state
  9. Registers Removed During Synthesis
 10. Removed Registers Triggering Further Register Optimizations
 11. General Register Statistics
 12. Parameter Settings for User Entity Instance: Top-level Entity: |floor_select
 13. Parameter Settings for User Entity Instance: clk_divider:DELAY_CTR
 14. Post-Synthesis Netlist Statistics for Top Partition
 15. Elapsed Time Per Partition
 16. Analysis & Synthesis Messages
 17. Analysis & Synthesis Suppressed Messages



----------------
; Legal Notice ;
----------------
Copyright (C) 2023  Intel Corporation. All rights reserved.
Your use of Intel Corporation's design tools, logic functions 
and other software and tools, and any partner logic 
functions, and any output files from any of the foregoing 
(including device programming or simulation files), and any 
associated documentation or information are expressly subject 
to the terms and conditions of the Intel Program License 
Subscription Agreement, the Intel Quartus Prime License Agreement,
the Intel FPGA IP License Agreement, or other applicable license
agreement, including, without limitation, that your use is for
the sole purpose of programming logic devices manufactured by
Intel and sold by Intel or its authorized distributors.  Please
refer to the applicable agreement for further details, at
https://fpgasoftware.intel.com/eula.



+-------------------------------------------------------------------------------------+
; Analysis & Synthesis Summary                                                        ;
+------------------------------------+------------------------------------------------+
; Analysis & Synthesis Status        ; Successful - Fri Feb 28 08:29:13 2025          ;
; Quartus Prime Version              ; 23.1std.0 Build 991 11/28/2023 SC Lite Edition ;
; Revision Name                      ; 06_Elevador                                    ;
; Top-level Entity Name              ; floor_select                                   ;
; Family                             ; MAX 10                                         ;
; Total logic elements               ; 8                                              ;
;     Total combinational functions  ; 8                                              ;
;     Dedicated logic registers      ; 5                                              ;
; Total registers                    ; 5                                              ;
; Total pins                         ; 14                                             ;
; Total virtual pins                 ; 0                                              ;
; Total memory bits                  ; 0                                              ;
; Embedded Multiplier 9-bit elements ; 0                                              ;
; Total PLLs                         ; 0                                              ;
; UFM blocks                         ; 0                                              ;
; ADC blocks                         ; 0                                              ;
+------------------------------------+------------------------------------------------+


+------------------------------------------------------------------------------------------------------------+
; Analysis & Synthesis Settings                                                                              ;
+------------------------------------------------------------------+--------------------+--------------------+
; Option                                                           ; Setting            ; Default Value      ;
+------------------------------------------------------------------+--------------------+--------------------+
; Device                                                           ; 10M50DAF484C7G     ;                    ;
; Top-level entity name                                            ; floor_select       ; 06_Elevador        ;
; Family name                                                      ; MAX 10             ; Cyclone V          ;
; Use smart compilation                                            ; Off                ; Off                ;
; Enable parallel Assembler and Timing Analyzer during compilation ; On                 ; On                 ;
; Enable compact report table                                      ; Off                ; Off                ;
; Restructure Multiplexers                                         ; Auto               ; Auto               ;
; Create Debugging Nodes for IP Cores                              ; Off                ; Off                ;
; Preserve fewer node names                                        ; On                 ; On                 ;
; Intel FPGA IP Evaluation Mode                                    ; Enable             ; Enable             ;
; Verilog Version                                                  ; Verilog_2001       ; Verilog_2001       ;
; VHDL Version                                                     ; VHDL_1993          ; VHDL_1993          ;
; State Machine Processing                                         ; Auto               ; Auto               ;
; Safe State Machine                                               ; Off                ; Off                ;
; Extract Verilog State Machines                                   ; On                 ; On                 ;
; Extract VHDL State Machines                                      ; On                 ; On                 ;
; Ignore Verilog initial constructs                                ; Off                ; Off                ;
; Iteration limit for constant Verilog loops                       ; 5000               ; 5000               ;
; Iteration limit for non-constant Verilog loops                   ; 250                ; 250                ;
; Add Pass-Through Logic to Inferred RAMs                          ; On                 ; On                 ;
; Infer RAMs from Raw Logic                                        ; On                 ; On                 ;
; Parallel Synthesis                                               ; On                 ; On                 ;
; DSP Block Balancing                                              ; Auto               ; Auto               ;
; NOT Gate Push-Back                                               ; On                 ; On                 ;
; Power-Up Don't Care                                              ; On                 ; On                 ;
; Remove Redundant Logic Cells                                     ; Off                ; Off                ;
; Remove Duplicate Registers                                       ; On                 ; On                 ;
; Ignore CARRY Buffers                                             ; Off                ; Off                ;
; Ignore CASCADE Buffers                                           ; Off                ; Off                ;
; Ignore GLOBAL Buffers                                            ; Off                ; Off                ;
; Ignore ROW GLOBAL Buffers                                        ; Off                ; Off                ;
; Ignore LCELL Buffers                                             ; Off                ; Off                ;
; Ignore SOFT Buffers                                              ; On                 ; On                 ;
; Limit AHDL Integers to 32 Bits                                   ; Off                ; Off                ;
; Optimization Technique                                           ; Balanced           ; Balanced           ;
; Carry Chain Length                                               ; 70                 ; 70                 ;
; Auto Carry Chains                                                ; On                 ; On                 ;
; Auto Open-Drain Pins                                             ; On                 ; On                 ;
; Perform WYSIWYG Primitive Resynthesis                            ; Off                ; Off                ;
; Auto ROM Replacement                                             ; On                 ; On                 ;
; Auto RAM Replacement                                             ; On                 ; On                 ;
; Auto DSP Block Replacement                                       ; On                 ; On                 ;
; Auto Shift Register Replacement                                  ; Auto               ; Auto               ;
; Allow Shift Register Merging across Hierarchies                  ; Auto               ; Auto               ;
; Auto Clock Enable Replacement                                    ; On                 ; On                 ;
; Strict RAM Replacement                                           ; Off                ; Off                ;
; Allow Synchronous Control Signals                                ; On                 ; On                 ;
; Force Use of Synchronous Clear Signals                           ; Off                ; Off                ;
; Auto RAM Block Balancing                                         ; On                 ; On                 ;
; Auto RAM to Logic Cell Conversion                                ; Off                ; Off                ;
; Auto Resource Sharing                                            ; Off                ; Off                ;
; Allow Any RAM Size For Recognition                               ; Off                ; Off                ;
; Allow Any ROM Size For Recognition                               ; Off                ; Off                ;
; Allow Any Shift Register Size For Recognition                    ; Off                ; Off                ;
; Use LogicLock Constraints during Resource Balancing              ; On                 ; On                 ;
; Ignore translate_off and synthesis_off directives                ; Off                ; Off                ;
; Timing-Driven Synthesis                                          ; On                 ; On                 ;
; Report Parameter Settings                                        ; On                 ; On                 ;
; Report Source Assignments                                        ; On                 ; On                 ;
; Report Connectivity Checks                                       ; On                 ; On                 ;
; Ignore Maximum Fan-Out Assignments                               ; Off                ; Off                ;
; Synchronization Register Chain Length                            ; 2                  ; 2                  ;
; Power Optimization During Synthesis                              ; Normal compilation ; Normal compilation ;
; HDL message level                                                ; Level2             ; Level2             ;
; Suppress Register Optimization Related Messages                  ; Off                ; Off                ;
; Number of Removed Registers Reported in Synthesis Report         ; 5000               ; 5000               ;
; Number of Swept Nodes Reported in Synthesis Report               ; 5000               ; 5000               ;
; Number of Inverted Registers Reported in Synthesis Report        ; 100                ; 100                ;
; Clock MUX Protection                                             ; On                 ; On                 ;
; Auto Gated Clock Conversion                                      ; Off                ; Off                ;
; Block Design Naming                                              ; Auto               ; Auto               ;
; SDC constraint protection                                        ; Off                ; Off                ;
; Synthesis Effort                                                 ; Auto               ; Auto               ;
; Shift Register Replacement - Allow Asynchronous Clear Signal     ; On                 ; On                 ;
; Pre-Mapping Resynthesis Optimization                             ; Off                ; Off                ;
; Analysis & Synthesis Message Level                               ; Medium             ; Medium             ;
; Disable Register Merging Across Hierarchies                      ; Auto               ; Auto               ;
; Resource Aware Inference For Block RAM                           ; On                 ; On                 ;
+------------------------------------------------------------------+--------------------+--------------------+


+------------------------------------------+
; Parallel Compilation                     ;
+----------------------------+-------------+
; Processors                 ; Number      ;
+----------------------------+-------------+
; Number detected on machine ; 12          ;
; Maximum allowed            ; 8           ;
;                            ;             ;
; Average used               ; 1.00        ;
; Maximum used               ; 8           ;
;                            ;             ;
; Usage by Processor         ; % Time Used ;
;     Processor 1            ; 100.0%      ;
;     Processors 2-8         ;   0.0%      ;
+----------------------------+-------------+


+-------------------------------------------------------------------------------------------------------------------------------------------------------------------------------------------+
; Analysis & Synthesis Source Files Read                                                                                                                                                    ;
+----------------------------------+-----------------+------------------------+---------------------------------------------------------------------------------------------------+---------+
; File Name with User-Entered Path ; Used in Netlist ; File Type              ; File Name with Absolute Path                                                                      ; Library ;
+----------------------------------+-----------------+------------------------+---------------------------------------------------------------------------------------------------+---------+
; scripts/floor_select.v           ; yes             ; User Verilog HDL File  ; C:/Users/dmart/Logica-Programable-/LogicaProgramable/Practicas/06_Elevador/scripts/floor_select.v ;         ;
; scripts/clk_divider.v            ; yes             ; User Verilog HDL File  ; C:/Users/dmart/Logica-Programable-/LogicaProgramable/Practicas/06_Elevador/scripts/clk_divider.v  ;         ;
+----------------------------------+-----------------+------------------------+---------------------------------------------------------------------------------------------------+---------+


+---------------------------------------------------------+
; Analysis & Synthesis Resource Usage Summary             ;
+---------------------------------------------+-----------+
; Resource                                    ; Usage     ;
+---------------------------------------------+-----------+
; Estimated Total logic elements              ; 8         ;
;                                             ;           ;
; Total combinational functions               ; 8         ;
; Logic element usage by number of LUT inputs ;           ;
;     -- 4 input functions                    ; 5         ;
;     -- 3 input functions                    ; 0         ;
;     -- <=2 input functions                  ; 3         ;
;                                             ;           ;
; Logic elements by mode                      ;           ;
;     -- normal mode                          ; 8         ;
;     -- arithmetic mode                      ; 0         ;
;                                             ;           ;
; Total registers                             ; 5         ;
;     -- Dedicated logic registers            ; 5         ;
;     -- I/O registers                        ; 0         ;
;                                             ;           ;
; I/O pins                                    ; 14        ;
;                                             ;           ;
; Embedded Multiplier 9-bit elements          ; 0         ;
;                                             ;           ;
; Maximum fan-out node                        ; clk~input ;
; Maximum fan-out                             ; 5         ;
; Total fan-out                               ; 58        ;
; Average fan-out                             ; 1.41      ;
+---------------------------------------------+-----------+


+------------------------------------------------------------------------------------------------------------------------------------------------------------------------------------------------------------------------------------+
; Analysis & Synthesis Resource Utilization by Entity                                                                                                                                                                                ;
+----------------------------+---------------------+---------------------------+-------------+------------+--------------+---------+-----------+------+--------------+------------+---------------------+-------------+--------------+
; Compilation Hierarchy Node ; Combinational ALUTs ; Dedicated Logic Registers ; Memory Bits ; UFM Blocks ; DSP Elements ; DSP 9x9 ; DSP 18x18 ; Pins ; Virtual Pins ; ADC blocks ; Full Hierarchy Name ; Entity Name ; Library Name ;
+----------------------------+---------------------+---------------------------+-------------+------------+--------------+---------+-----------+------+--------------+------------+---------------------+-------------+--------------+
; |floor_select              ; 8 (8)               ; 5 (5)                     ; 0           ; 0          ; 0            ; 0       ; 0         ; 14   ; 0            ; 0          ; |floor_select       ;             ;              ;
+----------------------------+---------------------+---------------------------+-------------+------------+--------------+---------+-----------+------+--------------+------------+---------------------+-------------+--------------+
Note: For table entries with two numbers listed, the numbers in parentheses indicate the number of resources of the given type used by the specific entity alone. The numbers listed outside of parentheses indicate the total resources of the given type used by the specific entity and all of its sub-entities in the hierarchy.


Encoding Type:  One-Hot
+----------------------------------------------------------------------------------------------------------+
; State Machine - |floor_select|current_state                                                              ;
+---------------------+--------------------+---------------------+--------------------+--------------------+
; Name                ; current_state.DONE ; current_state.DELAY ; current_state.WAIT ; current_state.IDLE ;
+---------------------+--------------------+---------------------+--------------------+--------------------+
; current_state.IDLE  ; 0                  ; 0                   ; 0                  ; 0                  ;
; current_state.WAIT  ; 0                  ; 0                   ; 1                  ; 1                  ;
; current_state.DELAY ; 0                  ; 1                   ; 0                  ; 1                  ;
; current_state.DONE  ; 1                  ; 0                   ; 0                  ; 1                  ;
+---------------------+--------------------+---------------------+--------------------+--------------------+


+---------------------------------------------------------------------------------+
; Registers Removed During Synthesis                                              ;
+----------------------------------------+----------------------------------------+
; Register name                          ; Reason for Removal                     ;
+----------------------------------------+----------------------------------------+
; target_floors[4]~reg0                  ; Stuck at GND due to stuck port data_in ;
; target_floors[3]~reg0                  ; Stuck at GND due to stuck port data_in ;
; complete                               ; Stuck at GND due to stuck port data_in ;
; clk_divider:DELAY_CTR|count[1..31]     ; Lost fanout                            ;
; clk_divider:DELAY_CTR|clk_div          ; Lost fanout                            ;
; clk_divider:DELAY_CTR|count[0]         ; Lost fanout                            ;
; current_state~4                        ; Lost fanout                            ;
; current_state~5                        ; Lost fanout                            ;
; current_state.DONE                     ; Stuck at GND due to stuck port data_in ;
; current_state.DELAY                    ; Lost fanout                            ;
; Total Number of Removed Registers = 40 ;                                        ;
+----------------------------------------+----------------------------------------+


+-------------------------------------------------------------------------------------------------------------+
; Removed Registers Triggering Further Register Optimizations                                                 ;
+-----------------+---------------------------+---------------------------------------------------------------+
; Register name   ; Reason for Removal        ; Registers Removed due to This Register                        ;
+-----------------+---------------------------+---------------------------------------------------------------+
; complete        ; Stuck at GND              ; clk_divider:DELAY_CTR|clk_div, clk_divider:DELAY_CTR|count[0] ;
;                 ; due to stuck port data_in ;                                                               ;
; current_state~5 ; Lost Fanouts              ; current_state.DELAY                                           ;
+-----------------+---------------------------+---------------------------------------------------------------+


+------------------------------------------------------+
; General Register Statistics                          ;
+----------------------------------------------+-------+
; Statistic                                    ; Value ;
+----------------------------------------------+-------+
; Total registers                              ; 5     ;
; Number of registers using Synchronous Clear  ; 0     ;
; Number of registers using Synchronous Load   ; 0     ;
; Number of registers using Asynchronous Clear ; 2     ;
; Number of registers using Asynchronous Load  ; 0     ;
; Number of registers using Clock Enable       ; 3     ;
; Number of registers using Preset             ; 0     ;
+----------------------------------------------+-------+


+------------------------------------------------------------------------------+
; Parameter Settings for User Entity Instance: Top-level Entity: |floor_select ;
+----------------+-------+-----------------------------------------------------+
; Parameter Name ; Value ; Type                                                ;
+----------------+-------+-----------------------------------------------------+
; IDLE           ; 0     ; Signed Integer                                      ;
; WAIT           ; 1     ; Signed Integer                                      ;
; DELAY          ; 2     ; Signed Integer                                      ;
; DONE           ; 3     ; Signed Integer                                      ;
+----------------+-------+-----------------------------------------------------+
Note: In order to hide this table in the UI and the text report file, please set the "Show Parameter Settings in Synthesis Report" option in "Analysis and Synthesis Settings -> More Settings" to "Off".


+--------------------------------------------------------------------+
; Parameter Settings for User Entity Instance: clk_divider:DELAY_CTR ;
+----------------+-------+-------------------------------------------+
; Parameter Name ; Value ; Type                                      ;
+----------------+-------+-------------------------------------------+
; FREQ           ; 1     ; Signed Integer                            ;
+----------------+-------+-------------------------------------------+
Note: In order to hide this table in the UI and the text report file, please set the "Show Parameter Settings in Synthesis Report" option in "Analysis and Synthesis Settings -> More Settings" to "Off".


+-----------------------------------------------------+
; Post-Synthesis Netlist Statistics for Top Partition ;
+-----------------------+-----------------------------+
; Type                  ; Count                       ;
+-----------------------+-----------------------------+
; boundary_port         ; 14                          ;
; cycloneiii_ff         ; 5                           ;
;     CLR               ; 2                           ;
;     ENA               ; 3                           ;
; cycloneiii_lcell_comb ; 10                          ;
;     normal            ; 10                          ;
;         0 data inputs ; 2                           ;
;         2 data inputs ; 3                           ;
;         4 data inputs ; 5                           ;
;                       ;                             ;
; Max LUT depth         ; 3.00                        ;
; Average LUT depth     ; 1.35                        ;
+-----------------------+-----------------------------+


+-------------------------------+
; Elapsed Time Per Partition    ;
+----------------+--------------+
; Partition Name ; Elapsed Time ;
+----------------+--------------+
; Top            ; 00:00:00     ;
+----------------+--------------+


+-------------------------------+
; Analysis & Synthesis Messages ;
+-------------------------------+
Info: *******************************************************************
Info: Running Quartus Prime Analysis & Synthesis
    Info: Version 23.1std.0 Build 991 11/28/2023 SC Lite Edition
    Info: Processing started: Fri Feb 28 08:29:08 2025
Info: Command: quartus_map --read_settings_files=on --write_settings_files=off 06_Elevador -c 06_Elevador
Warning (18236): Number of processors has not been specified which may cause overloading on shared machines.  Set the global assignment NUM_PARALLEL_PROCESSORS in your QSF to an appropriate value for best performance.
Info (20030): Parallel compilation is enabled and will use 8 of the 8 processors detected
Info (12021): Found 1 design units, including 1 entities, in source file scripts/floor_select.v
    Info (12023): Found entity 1: floor_select File: C:/Users/dmart/Logica-Programable-/LogicaProgramable/Practicas/06_Elevador/scripts/floor_select.v Line: 1
Info (12021): Found 1 design units, including 1 entities, in source file scripts/counter.v
    Info (12023): Found entity 1: counter File: C:/Users/dmart/Logica-Programable-/LogicaProgramable/Practicas/06_Elevador/scripts/counter.v Line: 1
Info (12021): Found 1 design units, including 1 entities, in source file scripts/door_fsm.v
    Info (12023): Found entity 1: door_FSM File: C:/Users/dmart/Logica-Programable-/LogicaProgramable/Practicas/06_Elevador/scripts/door_FSM.v Line: 1
Info (12021): Found 1 design units, including 1 entities, in source file scripts/clk_divider.v
    Info (12023): Found entity 1: clk_divider File: C:/Users/dmart/Logica-Programable-/LogicaProgramable/Practicas/06_Elevador/scripts/clk_divider.v Line: 1
Info (12127): Elaborating entity "floor_select" for the top level hierarchy
Warning (10235): Verilog HDL Always Construct warning at floor_select.v(40): variable "closed" is read inside the Always Construct but isn't in the Always Construct's Event Control File: C:/Users/dmart/Logica-Programable-/LogicaProgramable/Practicas/06_Elevador/scripts/floor_select.v Line: 40
Warning (10235): Verilog HDL Always Construct warning at floor_select.v(54): variable "complete" is read inside the Always Construct but isn't in the Always Construct's Event Control File: C:/Users/dmart/Logica-Programable-/LogicaProgramable/Practicas/06_Elevador/scripts/floor_select.v Line: 54
Warning (10230): Verilog HDL assignment warning at floor_select.v(109): truncated value with size 32 to match size of target (3) File: C:/Users/dmart/Logica-Programable-/LogicaProgramable/Practicas/06_Elevador/scripts/floor_select.v Line: 109
Info (12128): Elaborating entity "clk_divider" for hierarchy "clk_divider:DELAY_CTR" File: C:/Users/dmart/Logica-Programable-/LogicaProgramable/Practicas/06_Elevador/scripts/floor_select.v Line: 25
Warning (13024): Output pins are stuck at VCC or GND
    Warning (13410): Pin "target_floors[3]" is stuck at GND File: C:/Users/dmart/Logica-Programable-/LogicaProgramable/Practicas/06_Elevador/scripts/floor_select.v Line: 118
    Warning (13410): Pin "target_floors[4]" is stuck at GND File: C:/Users/dmart/Logica-Programable-/LogicaProgramable/Practicas/06_Elevador/scripts/floor_select.v Line: 118
    Warning (13410): Pin "move_floors" is stuck at VCC File: C:/Users/dmart/Logica-Programable-/LogicaProgramable/Practicas/06_Elevador/scripts/floor_select.v Line: 6
Info (286030): Timing-Driven Synthesis is running
Info (17049): 36 registers lost all their fanouts during netlist optimizations.
Info (144001): Generated suppressed messages file C:/Users/dmart/Logica-Programable-/LogicaProgramable/Practicas/06_Elevador/output_files/06_Elevador.map.smsg
Info (16010): Generating hard_block partition "hard_block:auto_generated_inst"
    Info (16011): Adding 0 node(s), including 0 DDIO, 0 PLL, 0 transceiver and 0 LCELL
Info (21057): Implemented 23 device resources after synthesis - the final resource count might be different
    Info (21058): Implemented 8 input pins
    Info (21059): Implemented 6 output pins
    Info (21061): Implemented 9 logic cells
Info: Quartus Prime Analysis & Synthesis was successful. 0 errors, 8 warnings
    Info: Peak virtual memory: 4814 megabytes
    Info: Processing ended: Fri Feb 28 08:29:13 2025
    Info: Elapsed time: 00:00:05
    Info: Total CPU time (on all processors): 00:00:11


+------------------------------------------+
; Analysis & Synthesis Suppressed Messages ;
+------------------------------------------+
The suppressed messages can be found in C:/Users/dmart/Logica-Programable-/LogicaProgramable/Practicas/06_Elevador/output_files/06_Elevador.map.smsg.


